<?xml version="1.0" encoding="UTF-8"?>
<!-- Generated by org.testng.reporters.JUnitReportReporter -->
<testsuite hostname="AbhiSneh" failures="0" tests="1" name="cucumber.Options.RunCucumberTests" time="4.488" errors="0" timestamp="2021-08-18T20:37:29 CEST" skipped="0">
  <testcase classname="cucumber.Options.RunCucumberTests" name="runScenario" time="4.488"/>
  <system-out/>
</testsuite> <!-- cucumber.Options.RunCucumberTests -->
